<?xml version="1.0" encoding="UTF-8"?>
<!-- Generated by org.testng.reporters.JUnitXMLReporter -->
<testsuite ignored="0" hostname="LAPTOP-PFU2IK8T" failures="4" tests="99" name="Test" time="328.51" errors="0" timestamp="2024-09-09T11:17:37 EDT">
  <testcase classname="AutomationTest.HomePageIconTestcases" name="VerfifyBurgerICon" time="1.264"/>
  <testcase classname="AutomationTest.HomePageIconTestcases" name="verifyInfyniLogo" time="0.053"/>
  <testcase classname="AutomationTest.HomePageIconTestcases" name="VerifyContactUS" time="0.663"/>
  <testcase classname="AutomationTest.HomePageIconTestcases" name="VerifyForInstructor" time="0.208"/>
  <testcase classname="AutomationTest.HomePageIconTestcases" name="Verifycart" time="0.086"/>
  <testcase classname="AutomationTest.HomePageIconTestcases" name="VerifyLoginButton" time="0.031"/>
  <testcase classname="AutomationTest.HomePageIconTestcases" name="VerifySigninButton" time="0.043"/>
  <testcase classname="AutomationTest.HomepageHeaderLinksTestCases" name="click_businessanalytics" time="3.237"/>
  <testcase classname="AutomationTest.HomepageHeaderLinksTestCases" name="click_businessAnalyticsimage" time="0.076"/>
  <testcase classname="AutomationTest.HomepageHeaderLinksTestCases" name="verify_businessAnalyticsimagename" time="0.037"/>
  <testcase classname="AutomationTest.HomepageHeaderLinksTestCases" name="verify_businessAnalyticscourseinformation" time="2.282"/>
  <testcase classname="AutomationTest.HomepageHeaderLinksTestCases" name="verify_businessAnalyticsabtthecourse" time="0.038"/>
  <testcase classname="AutomationTest.HomepageHeaderLinksTestCases" name="click_modification" time="4.899"/>
  <testcase classname="AutomationTest.HomepageHeaderLinksTestCases" name="click_modificationimage" time="0.053"/>
  <testcase classname="AutomationTest.HomepageHeaderLinksTestCases" name="verify_modificationimagename" time="0.038"/>
  <testcase classname="AutomationTest.HomepageHeaderLinksTestCases" name="verify_modificationcourseinformation" time="2.478"/>
  <testcase classname="AutomationTest.HomepageHeaderLinksTestCases" name="verify_modificationabtthecourse" time="0.034"/>
  <testcase classname="AutomationTest.HomepageHeaderLinksTestCases" name="click_indianclassicalmusic" time="4.766"/>
  <testcase classname="AutomationTest.HomepageHeaderLinksTestCases" name="click_indianclassicalmusicimage" time="0.044"/>
  <testcase classname="AutomationTest.HomepageHeaderLinksTestCases" name="verify_indianclassicalmusicimagename" time="0.041"/>
  <testcase classname="AutomationTest.HomepageHeaderLinksTestCases" name="verify_indianclassicalmusiccourseinformation" time="2.26"/>
  <testcase classname="AutomationTest.HomepageHeaderLinksTestCases" name="verify_indianclassicalmusicabtthecourse" time="0.032"/>
  <testcase classname="AutomationTest.HomepageHeaderLinksTestCases" name="click_machineLearning" time="4.707"/>
  <testcase classname="AutomationTest.HomepageHeaderLinksTestCases" name="click_machineLearningimage" time="0.049"/>
  <testcase classname="AutomationTest.HomepageHeaderLinksTestCases" name="verify_machineLearningimagename" time="0.027"/>
  <testcase classname="AutomationTest.HomepageHeaderLinksTestCases" name="verify_machineLearningcourseinformation" time="2.268"/>
  <testcase classname="AutomationTest.HomepageHeaderLinksTestCases" name="verify_machineLearningabtthecourse" time="0.036"/>
  <testcase classname="AutomationTest.HomepageHeaderLinksTestCases" name="click_technologyawareness" time="4.444"/>
  <testcase classname="AutomationTest.HomepageHeaderLinksTestCases" name="click_technologyawarenesimage" time="0.052"/>
  <testcase classname="AutomationTest.HomepageHeaderLinksTestCases" name="verify_technologyawarenesimagename" time="0.036"/>
  <testcase classname="AutomationTest.HomepageHeaderLinksTestCases" name="verify_technologyawarenescourseinformation" time="2.217"/>
  <testcase classname="AutomationTest.HomepageHeaderLinksTestCases" name="verify_technologyawarenesabtthecourse" time="0.036"/>
  <testcase classname="AutomationTest.HomepageHeaderLinksTestCases" name="click_divyasc" time="4.943"/>
  <testcase classname="AutomationTest.HomepageHeaderLinksTestCases" name="click_divyascimage" time="0.057"/>
  <testcase classname="AutomationTest.HomepageHeaderLinksTestCases" name="verify_divyascimagename" time="0.03"/>
  <testcase classname="AutomationTest.HomepageHeaderLinksTestCases" name="verify_divyasccourseinformation" time="2.306"/>
  <testcase classname="AutomationTest.HomepageHeaderLinksTestCases" name="verify_divyascabtthecourse" time="0.018"/>
  <testcase classname="AutomationTest.HomepageHeaderLinksTestCases" name="click_guitarpaino" time="4.752"/>
  <testcase classname="AutomationTest.HomepageHeaderLinksTestCases" name="click_guitarpainoimage" time="0.051"/>
  <testcase classname="AutomationTest.HomepageHeaderLinksTestCases" name="verify_guitarpainoimagename" time="0.031"/>
  <testcase classname="AutomationTest.HomepageHeaderLinksTestCases" name="verify_guitarpainocourseinformation" time="2.291"/>
  <testcase classname="AutomationTest.HomepageHeaderLinksTestCases" name="verify_guitarpainoabtthecourse" time="0.016"/>
  <testcase classname="AutomationTest.HomepageHeaderLinksTestCases" name="click_itcertification" time="6.067"/>
  <testcase classname="AutomationTest.HomepageHeaderLinksTestCases" name="click_itcertificationimage" time="0.056"/>
  <testcase classname="AutomationTest.HomepageHeaderLinksTestCases" name="verify_itcertificationname" time="0.043"/>
  <testcase classname="AutomationTest.HomepageHeaderLinksTestCases" name="verify_itcertificationcourseinformation" time="2.085"/>
  <testcase classname="AutomationTest.HomepageHeaderLinksTestCases" name="verify_itcertificationabtthecourse" time="0.022"/>
  <testcase classname="AutomationTest.HomepageHeaderLinksTestCases" name="HealthBeauty" time="7.073"/>
  <testcase classname="AutomationTest.HomepageHeaderLinksTestCases" name="MusicTheory" time="7.011"/>
  <testcase classname="AutomationTest.HomepageHeaderLinksTestCases" name="TestPrepe" time="8.458"/>
  <testcase classname="AutomationTest.HomepageHeaderLinksTestCases" name="Hobbies" time="6.072"/>
  <testcase classname="AutomationTest.HomepageHeaderLinksTestCases" name="FactChecking" time="6.997"/>
  <testcase classname="AutomationTest.HomepageHeaderLinksTestCases" name="Coding" time="7.16"/>
  <testcase classname="AutomationTest.HomepageHeaderLinksTestCases" name="DanceStyles" time="7.279"/>
  <testcase classname="AutomationTest.HomepageHeaderLinksTestCases" name="ProgrammingTestCases" time="10.075">
    <failure type="java.lang.AssertionError" message="Course Title is Displayed. expected [true] but found [false]">
      <![CDATA[java.lang.AssertionError: Course Title is Displayed. expected [true] but found [false]
at Automation.pageobjects.HomepageHeaderLinks.Validate_CourseTitleDisplayed(HomepageHeaderLinks.java:426)
at AutomationTest.HomepageHeaderLinksTestCases.ProgrammingTestCases(HomepageHeaderLinksTestCases.java:762)
at java.base/java.util.ArrayList.forEach(ArrayList.java:1511)
at com.intellij.rt.testng.IDEARemoteTestNG.run(IDEARemoteTestNG.java:65)
at com.intellij.rt.testng.RemoteTestNGStarter.main(RemoteTestNGStarter.java:105)
... Removed 27 stack frames]]>
    </failure>
  </testcase> <!-- ProgrammingTestCases -->
  <testcase classname="AutomationTest.HomepageHeaderLinksTestCases" name="PersonalDevelopmentCourseCheck" time="8.263"/>
  <testcase classname="AutomationTest.HomepageHeaderLinksTestCases" name="ComputerScienceCourseCheck" time="10.596">
    <failure type="java.lang.AssertionError" message="Course Title is Displayed. expected [true] but found [false]">
      <![CDATA[java.lang.AssertionError: Course Title is Displayed. expected [true] but found [false]
at Automation.pageobjects.HomepageHeaderLinks.Validate_CourseTitleDisplayed(HomepageHeaderLinks.java:426)
at AutomationTest.HomepageHeaderLinksTestCases.ComputerScienceCourseCheck(HomepageHeaderLinksTestCases.java:789)
at java.base/java.util.ArrayList.forEach(ArrayList.java:1511)
at com.intellij.rt.testng.IDEARemoteTestNG.run(IDEARemoteTestNG.java:65)
at com.intellij.rt.testng.RemoteTestNGStarter.main(RemoteTestNGStarter.java:105)
... Removed 27 stack frames]]>
    </failure>
  </testcase> <!-- ComputerScienceCourseCheck -->
  <testcase classname="AutomationTest.HomepageHeaderLinksTestCases" name="NaturalLanguageProcess" time="10.891"/>
  <testcase classname="AutomationTest.HomepageHeaderLinksTestCases" name="TestPrepeCourseCheck" time="11.092">
    <failure type="java.lang.AssertionError" message="Course Title is Displayed. expected [true] but found [false]">
      <![CDATA[java.lang.AssertionError: Course Title is Displayed. expected [true] but found [false]
at Automation.pageobjects.HomepageHeaderLinks.Validate_CourseTitleDisplayed(HomepageHeaderLinks.java:426)
at AutomationTest.HomepageHeaderLinksTestCases.TestPrepeCourseCheck(HomepageHeaderLinksTestCases.java:807)
at java.base/java.util.ArrayList.forEach(ArrayList.java:1511)
at com.intellij.rt.testng.IDEARemoteTestNG.run(IDEARemoteTestNG.java:65)
at com.intellij.rt.testng.RemoteTestNGStarter.main(RemoteTestNGStarter.java:105)
... Removed 27 stack frames]]>
    </failure>
  </testcase> <!-- TestPrepeCourseCheck -->
  <testcase classname="AutomationTest.HomepageHeaderLinksTestCases" name="TestOthersCourseCheck" time="10.125">
    <failure type="java.lang.AssertionError" message="Course Title is Displayed. expected [true] but found [false]">
      <![CDATA[java.lang.AssertionError: Course Title is Displayed. expected [true] but found [false]
at Automation.pageobjects.HomepageHeaderLinks.Validate_CourseTitleDisplayed(HomepageHeaderLinks.java:426)
at AutomationTest.HomepageHeaderLinksTestCases.TestOthersCourseCheck(HomepageHeaderLinksTestCases.java:816)
at java.base/java.util.ArrayList.forEach(ArrayList.java:1511)
at com.intellij.rt.testng.IDEARemoteTestNG.run(IDEARemoteTestNG.java:65)
at com.intellij.rt.testng.RemoteTestNGStarter.main(RemoteTestNGStarter.java:105)
... Removed 27 stack frames]]>
    </failure>
  </testcase> <!-- TestOthersCourseCheck -->
  <testcase classname="AutomationTest.HomepageHeaderLinksTestCases" name="ElectricalengineeringCourseCheck" time="10.955"/>
  <testcase classname="AutomationTest.HomepageHeaderLinksTestCases" name="JavaCourseCheck" time="8.129"/>
  <testcase classname="AutomationTest.HomepageHeaderLinksTestCases" name="FactCheckingVerificationCourseCheck" time="10.517"/>
  <testcase classname="AutomationTest.HomepageCoursesLinksTestCases" name="TrendingCourse" time="2.167"/>
  <testcase classname="AutomationTest.HomepageCoursesLinksTestCases" name="mostPopularCourse" time="1.395"/>
  <testcase classname="AutomationTest.HomepageCoursesLinksTestCases" name="MostRecentCourse" time="1.322"/>
  <testcase classname="AutomationTest.HomepageCoursesLinksTestCases" name="professionalCourse" time="1.765"/>
  <testcase classname="AutomationTest.HomepageCoursesLinksTestCases" name="kidsCourse" time="1.75"/>
  <testcase classname="AutomationTest.HomepageCoursesLinksTestCases" name="liveCourses" time="3.082"/>
  <testcase classname="AutomationTest.HomepageCoursesLinksTestCases" name="VideoCourses" time="1.055"/>
  <testcase classname="AutomationTest.FooterTestCases" name="aboutUsLink" time="0.97"/>
  <testcase classname="AutomationTest.FooterTestCases" name="validateNewsLink" time="0.31"/>
  <testcase classname="AutomationTest.FooterTestCases" name="validateCareersLink" time="1.108"/>
  <testcase classname="AutomationTest.FooterTestCases" name="contactUslink" time="1.825"/>
  <testcase classname="AutomationTest.FooterTestCases" name="blogsLink" time="3.646"/>
  <testcase classname="AutomationTest.FooterTestCases" name="freeWebinarsLink" time="0.63"/>
  <testcase classname="AutomationTest.FooterTestCases" name="helpCenterLink" time="2.422"/>
  <testcase classname="AutomationTest.FooterTestCases" name="PrivacyPolicyLink" time="0.696"/>
  <testcase classname="AutomationTest.FooterTestCases" name="TermsConditionsLink" time="1.237"/>
  <testcase classname="AutomationTest.FooterTestCases" name="signUpLink" time="1.656"/>
  <testcase classname="AutomationTest.FooterTestCases" name="BecomeInstructorLink" time="1.533"/>
  <testcase classname="AutomationTest.FooterTestCases" name="InfyniForBusinessLink" time="2.282"/>
  <testcase classname="AutomationTest.HomePageTestCases" name="redirectToInstructorLoginPage" time="1.092"/>
  <testcase classname="AutomationTest.InstructorLoginTestCases" name="loginAsInstructor" time="4.147"/>
  <testcase classname="AutomationTest.InstructorVideoTestcases" name="videoCourse_Instructor" time="13.759"/>
  <testcase classname="AutomationTest.InstructorVideoTestcases" name="videocoursePrerequisitesInstructor" time="12.869"/>
  <testcase classname="AutomationTest.InstructorVideoTestcases" name="videoCourseLessonInstructor" time="5.116"/>
  <testcase classname="AutomationTest.InstructorVideoTestcases" name="videoCourseOutputDisplay" time="2.066"/>
  <testcase classname="AutomationTest.InstructorDashBoardPageTestCases" name="createNewLiveCourse_Details_Instructor" time="19.49"/>
  <testcase classname="AutomationTest.InstructorDashBoardPageTestCases" name="createNewLiveCourse_Prerequisites_Instructor" time="5.032"/>
  <testcase classname="AutomationTest.InstructorDashBoardPageTestCases" name="createNewLiveCourse_WhatYouWillLearn_Instructor" time="3.627"/>
  <testcase classname="AutomationTest.InstructorDashBoardPageTestCases" name="createNewLiveCourse_Topics_Instructor" time="2.413"/>
  <testcase classname="AutomationTest.InstructorDashBoardPageTestCases" name="createNewLiveCourse_Sessions_SelectAllDay" time="3.982"/>
  <testcase classname="AutomationTest.InstructorLogoutTestCases" name="logoutAsInstructor" time="0.337"/>
  <testcase classname="AutomationTest.StudentLoginPageTestCases" name="loginAsStudent" time="4.658"/>
  <testcase classname="AutomationTest.StudentLoginPageTestCases" name="verifyDashboardTextPresence" time="3.257"/>
  <testcase classname="AutomationTest.StudentDashboardPageTestCases" name="searchCourseToEnroll" time="4.38"/>
  <testcase classname="AutomationTest.StudentDashboardPageTestCases" name="enrollCourse" time="9.814"/>
  <testcase classname="AutomationTest.StudentLogoutTestCases" name="logoutAsStudent" time="1.431"/>
</testsuite> <!-- Test -->
